<?xml version="1.0" encoding="UTF-8"?>
<beans xmlns="http://www.springframework.org/schema/beans"
       xmlns:xsi="http://www.w3.org/2001/XMLSchema-instance"
       xmlns:aop="http://www.springframework.org/schema/aop"
       xmlns:tx="http://www.springframework.org/schema/tx"
       xsi:schemaLocation="http://www.springframework.org/schema/beans
                            http://www.springframework.org/schema/beans/spring-beans.xsd
                            http://www.springframework.org/schema/aop
                            http://www.springframework.org/schema/aop/spring-aop.xsd
                            http://www.springframework.org/schema/tx
                            http://www.springframework.org/schema/tx/spring-tx.xsd">

    <bean id="dataSource" class="org.springframework.jdbc.datasource.SimpleDriverDataSource">
        <property name="driverClass" value="com.mysql.cj.jdbc.Driver"></property>
        <property name="url" value="jdbc:mysql://localhost/testdb?serverTimezone=UTC"></property>
        <property name="username" value="root"></property>
        <property name="password" value="1234"></property>
    </bean>

    <bean id="userDao" class="user.dao.UserDaoJdbc">
        <property name="sqlService" ref="sqlService"></property>
        <property name="dataSource" ref="dataSource"></property>
    </bean>

    <bean id="sqlService" class="user.sqlService.XmlSqlService"></bean>

    <!--<bean id="sqlService" class="user.sqlService.SimpleSqlService">
        <property name="sqlMap">
            <map>
                <entry key="userAdd" value="insert into users(id, name, password, email, level, login, recommend) values(?,?,?,?,?,?,?)"/>
                <entry key="userGet" value="select * from users where id = ?"/>
                <entry key="userGetAll" value="select * from users order by id"/>
                <entry key="userDeleteAll" value="delete from users"/>
                <entry key="userGetCount" value="select count(*) from users"/>
                <entry key="userUpdate" value="update users set name = ?, password = ?, level = ?, login = ?, recommend = ?, email = ? where id = ?"/>
            </map>
        </property>
    </bean>-->

    <bean id="userService" class="user.service.UserServiceImpl">
        <property name="userDao" ref="userDao"></property>
        <property name="mailSender" ref="mailSender"></property>
    </bean>

    <bean id="mailSender" class="user.service.DummyMailSender">
        <property name="host" value="mail.server.com"></property>
    </bean>

    <bean id="testUserService" class="user.service.UserServiceTest$TestUserService" parent="userService"></bean>

    <bean id="transactionManager" class="org.springframework.jdbc.datasource.DataSourceTransactionManager">
        <property name="dataSource" ref="dataSource"></property>
    </bean>

    <!--<tx:advice id="transactionAdvice">
        <tx:attributes>
            <tx:method name="get*" read-only="true" timeout="30"/>
            <tx:method name="*" />
        </tx:attributes>
    </tx:advice>

    <aop:config>
        <aop:advisor advice-ref="transactionAdvice" pointcut="bean(*Service)" />
    </aop:config>-->

    <tx:annotation-driven />

</beans>


